Arguments: 
  C:\Program Files\nodejs\node.exe C:\Program Files (x86)\Yarn\bin\yarn.js add express@4.17.1

PATH: 
  C:\Program Files\Git\mingw64\bin;C:\Program Files\Git\usr\bin;C:\Users\jeffrey.strayhorn\bin;C:\Python38\Scripts;C:\Python38;C:\Windows\system32;C:\Windows;C:\Windows\System32\Wbem;C:\Windows\System32\WindowsPowerShell\v1.0;C:\Windows\System32\OpenSSH;C:\Program Files\Git\cmd;C:\Program Files\nodejs;C:\ProgramData\chocolatey\bin;C:\Program Files (x86)\Yarn\bin;C:\Users\jeffrey.strayhorn\AppData\Local\Android\Sdk\platform-tools;C:\Users\jeffrey.strayhorn\AppData\Local\Microsoft\WindowsApps;C:\Users\jeffrey.strayhorn\AppData\Local\Programs\Microsoft VS Code\bin;C:\Users\jeffrey.strayhorn\AppData\Roaming\npm;C:\Users\jeffrey.strayhorn\AppData\Local\Yarn\bin;C:\Users\jeffrey.strayhorn\AppData\Local\GitHubDesktop\bin

Yarn version: 
  1.22.5

Node version: 
  14.9.0

Platform: 
  win32 x64

Trace: 
  SyntaxError: C:\Users\jeffrey.strayhorn\Desktop\NucampFolder\5-NodeJS-Express-MongoDB\node-http\node-express\package.json: Unexpected end of JSON input
      at JSON.parse (<anonymous>)
      at C:\Program Files (x86)\Yarn\lib\cli.js:1625:59
      at Generator.next (<anonymous>)
      at step (C:\Program Files (x86)\Yarn\lib\cli.js:310:30)
      at C:\Program Files (x86)\Yarn\lib\cli.js:321:13

npm manifest: 
  

yarn manifest: 
  No manifest

Lockfile: 
  No lockfile
